SF:lib/provider/reminder_provider.dart
DA:15,2
DA:16,2
DA:17,2
DA:19,0
DA:21,0
DA:22,0
DA:24,0
DA:25,0
DA:26,0
DA:28,0
DA:29,0
DA:31,0
DA:35,0
DA:37,0
DA:38,0
DA:40,0
DA:41,0
DA:42,0
DA:44,0
DA:45,0
DA:47,0
DA:51,0
DA:53,0
DA:55,0
DA:60,0
DA:62,0
DA:64,0
DA:69,0
DA:78,0
DA:80,0
DA:84,0
DA:89,0
DA:92,0
DA:95,0
DA:97,0
DA:98,0
DA:101,0
DA:106,0
DA:113,0
DA:116,0
DA:118,0
DA:122,0
DA:125,0
DA:128,0
DA:130,0
DA:131,0
DA:134,0
DA:139,0
DA:142,0
DA:145,0
DA:147,0
DA:148,0
DA:151,0
DA:156,0
DA:159,0
DA:160,0
DA:161,0
DA:165,0
DA:167,0
DA:168,0
DA:171,0
DA:176,0
DA:180,0
DA:181,0
DA:184,0
DA:187,0
DA:188,0
DA:190,0
DA:193,0
DA:198,0
DA:199,0
DA:201,0
DA:202,0
DA:203,0
DA:204,0
DA:205,0
DA:206,0
DA:207,0
DA:211,0
DA:212,0
DA:218,0
DA:219,0
DA:221,0
DA:225,0
DA:230,1
DA:231,1
DA:232,1
LF:87
LH:6
end_of_record
SF:lib/data/model/reminder.dart
DA:12,3
DA:22,3
DA:23,3
DA:25,1
DA:26,1
DA:27,1
DA:28,1
DA:29,1
DA:30,1
DA:31,1
DA:32,1
DA:33,1
DA:34,2
DA:35,2
DA:39,1
DA:40,1
DA:41,1
DA:42,1
DA:43,1
DA:44,1
DA:45,1
DA:46,2
DA:47,1
DA:48,2
DA:49,2
DA:53,1
DA:64,1
DA:65,1
DA:66,1
DA:67,1
DA:68,0
DA:69,0
DA:70,0
DA:71,1
DA:72,1
DA:73,1
DA:77,3
DA:78,21
DA:81,1
DA:83,6
DA:86,1
DA:89,1
DA:90,3
DA:91,3
DA:92,3
DA:93,3
DA:96,1
DA:98,3
DA:99,3
DA:100,3
DA:101,2
LF:51
LH:48
end_of_record
SF:lib/common/navigation.dart
DA:3,3
DA:6,0
DA:7,0
DA:10,0
DA:11,0
DA:13,0
DA:18,0
LF:7
LH:1
end_of_record
SF:lib/common/string_ext.dart
DA:5,0
DA:6,0
DA:9,0
DA:10,0
DA:13,0
DA:14,0
LF:6
LH:0
end_of_record
SF:lib/data/db/database_helper.dart
DA:10,3
DA:14,6
DA:19,0
DA:20,0
DA:24,0
DA:25,0
DA:26,0
DA:28,0
DA:31,0
DA:32,0
DA:34,0
DA:35,0
DA:36,0
DA:42,0
DA:43,0
DA:44,0
DA:47,0
DA:48,0
DA:60,0
DA:61,0
DA:77,0
DA:78,0
DA:79,0
DA:82,0
DA:83,0
DA:84,0
DA:86,0
DA:89,0
DA:90,0
DA:92,0
DA:95,0
DA:98,0
DA:99,0
DA:101,0
DA:105,0
DA:106,0
DA:108,0
DA:111,0
DA:115,0
DA:116,0
DA:117,0
DA:120,0
DA:123,0
DA:127,0
DA:128,0
DA:129,0
DA:132,0
DA:133,0
DA:134,0
DA:139,0
DA:142,0
DA:143,0
DA:144,0
DA:147,0
DA:151,0
DA:154,0
DA:155,0
DA:156,0
DA:159,0
DA:162,0
DA:163,0
DA:168,0
DA:169,0
DA:170,0
DA:172,0
DA:174,0
DA:178,0
DA:179,0
DA:180,0
DA:183,0
DA:187,0
DA:188,0
DA:189,0
DA:192,0
DA:196,0
DA:197,0
DA:201,0
DA:202,0
DA:203,0
DA:205,0
DA:207,0
DA:210,0
LF:82
LH:2
end_of_record
SF:lib/data/model/restaurant.dart
DA:17,7
DA:29,2
DA:30,2
DA:31,2
DA:32,2
DA:33,2
DA:34,2
DA:35,2
DA:36,2
DA:37,2
DA:38,2
DA:39,2
DA:40,0
DA:41,0
DA:42,0
DA:43,2
DA:47,0
DA:48,0
DA:49,0
DA:50,0
DA:51,0
DA:52,0
DA:53,0
DA:57,0
DA:59,0
DA:62,1
DA:63,1
DA:64,1
DA:65,1
DA:66,1
DA:67,1
DA:68,1
DA:69,1
DA:70,1
DA:71,1
DA:72,1
LF:36
LH:24
end_of_record
SF:lib/data/model/drink.dart
DA:4,0
DA:6,0
DA:7,0
LF:3
LH:0
end_of_record
SF:lib/data/model/food.dart
DA:4,0
DA:6,0
DA:7,0
LF:3
LH:0
end_of_record
SF:lib/data/model/menu.dart
DA:8,0
DA:10,0
DA:11,0
DA:12,0
DA:13,0
DA:14,0
DA:17,0
DA:18,0
DA:19,0
DA:20,0
LF:10
LH:0
end_of_record
SF:lib/data/model/review.dart
DA:6,0
DA:12,0
DA:13,0
DA:14,0
DA:15,0
LF:5
LH:0
end_of_record
SF:lib/utils/notification_helper.dart
DA:23,4
DA:27,8
DA:29,0
DA:30,0
DA:31,0
DA:36,0
DA:40,0
DA:42,0
DA:43,0
DA:48,0
DA:49,0
DA:50,0
DA:51,0
DA:52,0
DA:53,0
DA:57,0
DA:61,0
DA:62,0
DA:63,0
DA:67,0
DA:68,0
DA:69,0
DA:73,0
DA:81,0
DA:83,0
DA:85,0
DA:87,0
DA:90,0
DA:94,0
DA:95,0
DA:96,0
DA:103,0
DA:108,0
DA:119,0
DA:121,0
DA:129,0
DA:130,0
LF:37
LH:2
end_of_record
SF:lib/provider/home_provider.dart
DA:14,2
DA:18,2
DA:22,4
DA:25,2
DA:30,0
DA:31,0
DA:33,0
DA:34,0
DA:35,0
DA:37,0
DA:38,0
DA:43,2
DA:44,2
DA:45,2
DA:48,4
DA:49,1
DA:50,1
DA:51,1
DA:52,1
DA:57,2
DA:58,1
DA:60,1
DA:61,1
DA:62,1
DA:64,1
DA:66,1
DA:67,1
DA:70,1
DA:71,1
LF:29
LH:22
end_of_record
SF:lib/data/api/api_service.dart
DA:17,2
DA:19,1
DA:22,1
DA:24,2
DA:27,2
DA:30,2
DA:31,2
DA:33,2
DA:34,1
DA:35,3
DA:36,1
DA:39,1
DA:42,1
DA:45,1
DA:49,0
DA:51,0
DA:53,0
DA:54,0
DA:56,0
DA:57,0
DA:62,0
DA:65,0
DA:69,0
DA:71,0
DA:73,0
DA:74,0
DA:76,0
DA:77,0
DA:78,0
DA:79,0
DA:80,0
DA:83,0
DA:86,0
DA:89,0
LF:34
LH:14
end_of_record
SF:lib/data/model/add_review.dart
DA:6,0
DA:12,0
DA:13,0
DA:14,0
DA:15,0
DA:16,0
LF:6
LH:0
end_of_record
SF:lib/common/styles.dart
DA:7,3
DA:8,1
DA:9,1
DA:10,1
DA:11,1
DA:12,1
DA:13,1
DA:15,1
DA:16,1
DA:18,1
DA:20,1
DA:22,1
DA:24,1
DA:26,1
DA:28,1
DA:30,1
LF:16
LH:16
end_of_record
SF:lib/ui/alarm_page.dart
DA:11,3
DA:13,1
DA:14,1
DA:18,1
DA:20,1
DA:21,3
DA:22,3
DA:26,0
DA:27,0
DA:30,1
DA:31,1
DA:32,1
DA:33,2
DA:34,3
DA:35,1
DA:37,1
DA:38,3
DA:40,1
DA:43,1
DA:44,1
DA:45,0
DA:46,0
DA:47,0
DA:51,1
DA:52,0
DA:53,0
DA:54,0
DA:58,1
DA:59,0
DA:67,0
DA:68,0
DA:69,0
DA:70,0
DA:73,0
DA:74,0
DA:75,0
DA:76,0
DA:77,0
DA:78,0
DA:81,0
DA:82,0
DA:83,0
DA:84,0
DA:88,0
DA:89,0
DA:90,0
DA:91,0
DA:99,0
DA:100,0
DA:101,0
DA:103,0
DA:104,0
DA:110,0
DA:111,0
DA:112,0
DA:113,0
DA:120,0
DA:121,0
DA:122,0
DA:125,1
DA:127,1
DA:128,1
DA:129,2
DA:135,1
DA:136,1
DA:137,1
DA:138,2
DA:139,1
DA:140,1
DA:142,1
DA:143,1
DA:146,1
DA:169,1
DA:170,2
DA:171,1
DA:172,2
DA:173,1
DA:175,1
DA:176,1
DA:183,1
DA:184,1
DA:190,1
DA:192,1
DA:194,1
DA:195,2
DA:198,1
DA:199,1
DA:200,1
DA:201,1
DA:203,1
DA:208,1
DA:209,1
DA:210,0
DA:211,0
DA:214,2
LF:95
LH:54
end_of_record
SF:lib/l10n/app_localizations.dart
DA:65,3
DA:69,2
DA:70,2
DA:256,4
DA:258,1
DA:260,2
DA:263,1
DA:264,3
DA:266,0
DA:270,1
DA:274,1
DA:275,1
DA:276,2
DA:279,0
LF:14
LH:12
end_of_record
SF:lib/data/local/database_helper.dart
DA:8,0
DA:10,1
DA:14,2
DA:16,1
DA:17,1
DA:18,0
DA:23,1
DA:24,1
DA:25,0
DA:26,0
DA:27,0
DA:28,0
DA:44,0
DA:45,0
DA:46,0
DA:49,1
DA:50,1
DA:51,0
DA:53,0
DA:56,0
DA:57,0
DA:58,0
DA:61,0
DA:64,0
DA:67,1
DA:68,1
DA:69,0
DA:72,0
DA:75,0
DA:77,0
DA:80,0
DA:81,0
DA:83,0
DA:86,0
LF:34
LH:10
end_of_record
SF:lib/l10n/app_localizations_en.dart
DA:9,0
DA:11,0
DA:14,0
DA:17,0
DA:20,0
DA:23,0
DA:26,0
DA:29,0
DA:32,0
DA:35,0
DA:38,0
DA:41,0
DA:44,0
DA:47,0
DA:50,0
DA:53,0
DA:56,0
DA:59,0
DA:62,0
DA:65,0
DA:68,0
DA:71,0
DA:74,0
DA:77,0
DA:80,0
DA:83,0
DA:86,0
LF:27
LH:0
end_of_record
SF:lib/l10n/app_localizations_id.dart
DA:9,2
DA:11,0
DA:14,1
DA:17,1
DA:20,1
DA:23,0
DA:26,0
DA:29,0
DA:32,0
DA:35,0
DA:38,0
DA:41,0
DA:44,0
DA:47,0
DA:50,0
DA:53,0
DA:56,0
DA:59,0
DA:62,0
DA:65,0
DA:68,0
DA:71,0
DA:74,0
DA:77,0
DA:80,0
DA:83,0
DA:86,0
LF:27
LH:4
end_of_record
SF:lib/provider/favorite_provider.dart
DA:10,1
DA:11,2
DA:12,1
DA:16,0
DA:19,0
DA:21,1
DA:22,1
DA:23,1
DA:25,2
DA:27,0
DA:28,0
DA:31,1
DA:32,2
DA:36,0
DA:38,0
DA:40,0
DA:43,0
DA:44,0
DA:49,0
DA:50,0
DA:52,0
DA:53,0
LF:22
LH:9
end_of_record
SF:lib/provider/restaurant_provider.dart
DA:16,1
DA:22,2
DA:25,2
DA:28,0
DA:30,1
DA:31,1
DA:32,1
DA:35,2
DA:36,0
DA:37,0
DA:38,0
DA:39,0
DA:43,0
DA:46,0
DA:47,0
DA:49,0
DA:51,0
DA:52,0
DA:55,1
DA:56,1
DA:60,0
DA:61,0
DA:62,0
DA:65,0
DA:66,0
DA:67,0
DA:68,0
DA:69,0
DA:73,0
DA:74,0
DA:78,0
DA:80,0
DA:82,0
DA:83,0
DA:85,0
DA:86,0
DA:90,0
DA:91,0
DA:92,0
DA:95,0
DA:96,0
LF:41
LH:9
end_of_record
SF:lib/ui/restaurant_page.dart
DA:23,1
DA:28,1
DA:29,1
DA:60,0
DA:61,0
DA:62,0
DA:66,1
DA:67,2
DA:68,2
DA:69,1
DA:71,2
DA:73,1
DA:75,2
DA:77,1
DA:79,2
DA:81,1
DA:83,2
DA:89,1
DA:91,1
DA:93,2
DA:94,1
DA:95,1
DA:99,1
DA:100,2
DA:101,2
DA:102,2
DA:104,3
DA:106,3
DA:107,0
DA:109,0
DA:110,0
DA:111,0
DA:112,0
DA:117,1
DA:119,1
DA:120,2
DA:121,2
DA:124,1
DA:126,1
DA:127,1
DA:128,2
DA:129,0
DA:130,0
DA:133,2
DA:139,2
DA:140,0
DA:141,0
DA:142,0
DA:143,0
DA:144,0
DA:146,0
DA:147,0
DA:148,0
DA:149,0
DA:150,0
DA:151,0
DA:152,0
DA:153,0
DA:155,0
DA:164,1
DA:165,1
DA:166,1
DA:167,1
DA:168,1
DA:169,1
DA:170,2
DA:172,2
DA:185,0
DA:186,0
DA:187,0
DA:188,0
DA:189,0
DA:194,0
DA:195,0
DA:198,0
DA:199,0
DA:200,0
DA:201,0
DA:206,0
DA:207,0
DA:208,0
DA:209,0
DA:210,0
DA:211,0
DA:212,0
DA:213,0
DA:216,0
DA:217,0
DA:227,0
DA:231,0
DA:232,0
DA:234,0
DA:239,0
DA:247,0
DA:248,0
DA:249,0
DA:250,0
DA:251,0
DA:252,0
DA:255,0
DA:256,0
DA:257,0
DA:258,0
DA:260,0
DA:261,0
DA:265,0
DA:266,0
DA:270,0
DA:276,0
DA:277,0
DA:278,0
DA:279,0
DA:280,0
DA:282,0
DA:283,0
DA:284,0
DA:286,0
DA:287,0
DA:289,0
DA:290,0
DA:291,0
DA:293,0
DA:294,0
DA:295,0
DA:296,0
DA:304,0
DA:305,0
DA:306,0
DA:308,0
DA:309,0
DA:310,0
DA:311,0
DA:312,0
DA:314,0
DA:315,0
DA:316,0
DA:319,0
DA:320,0
DA:321,0
DA:323,0
DA:324,0
DA:325,0
DA:328,0
DA:329,0
DA:330,0
DA:332,0
DA:334,0
DA:335,0
DA:336,0
DA:338,0
DA:339,0
DA:340,0
DA:349,0
DA:350,0
DA:351,0
DA:352,0
DA:353,0
DA:354,0
DA:356,0
DA:357,0
DA:358,0
DA:362,0
DA:367,0
DA:368,0
DA:369,0
DA:370,0
DA:371,0
DA:372,0
DA:374,0
DA:376,0
DA:377,0
DA:378,0
DA:379,0
DA:382,0
DA:383,0
DA:384,0
DA:387,0
DA:388,0
DA:389,0
DA:395,0
DA:400,0
DA:401,0
DA:402,0
DA:403,0
DA:404,0
DA:405,0
DA:406,0
DA:407,0
DA:409,0
DA:410,0
DA:411,0
DA:412,0
DA:413,0
DA:415,0
DA:416,0
DA:417,0
DA:419,0
DA:420,0
DA:422,0
DA:423,0
DA:425,0
DA:426,0
DA:427,0
DA:429,0
DA:430,0
DA:435,0
DA:436,0
DA:437,0
DA:438,0
DA:439,0
DA:440,0
DA:442,0
DA:443,0
DA:444,0
DA:445,0
DA:446,0
DA:449,0
DA:450,0
DA:452,0
DA:454,0
DA:457,0
DA:458,0
DA:459,0
DA:461,0
DA:471,0
DA:472,0
DA:473,0
DA:476,0
DA:478,0
DA:482,0
DA:483,0
DA:484,0
DA:485,0
DA:488,0
DA:489,0
DA:490,0
DA:491,0
DA:492,0
DA:493,0
DA:494,0
DA:495,0
DA:498,0
DA:499,0
DA:500,0
DA:501,0
DA:505,0
DA:506,0
DA:508,0
DA:509,0
DA:510,0
DA:511,0
DA:519,0
DA:520,0
DA:521,0
DA:522,0
DA:523,0
DA:525,0
DA:527,0
DA:529,0
DA:530,0
DA:531,0
DA:532,0
DA:535,0
DA:537,0
DA:541,0
DA:542,0
DA:543,0
DA:544,0
DA:545,0
DA:549,0
DA:550,0
DA:551,0
DA:552,0
DA:556,0
DA:557,0
DA:565,0
DA:566,0
DA:567,0
DA:568,0
DA:571,0
DA:572,0
DA:573,0
DA:574,0
DA:575,0
DA:576,0
DA:577,0
DA:580,0
DA:581,0
DA:582,0
DA:583,0
DA:587,0
DA:588,0
DA:589,0
DA:590,0
DA:598,0
DA:599,0
DA:600,0
DA:602,0
DA:603,0
DA:609,0
DA:610,0
DA:612,0
DA:613,0
DA:614,0
DA:615,0
LF:305
LH:43
end_of_record
SF:lib/widgets/empty_data_view.dart
DA:7,5
DA:9,1
DA:11,1
DA:12,2
LF:4
LH:4
end_of_record
SF:lib/widgets/failed_data_view.dart
DA:7,5
DA:9,1
DA:11,1
DA:12,2
LF:4
LH:4
end_of_record
SF:lib/widgets/no_connection_view.dart
DA:7,5
DA:9,0
DA:11,0
DA:12,0
LF:4
LH:1
end_of_record
SF:lib/widgets/rating_view.dart
DA:7,0
DA:12,0
DA:14,0
DA:15,0
DA:20,0
DA:29,0
LF:6
LH:0
end_of_record
SF:lib/main.dart
DA:24,0
DA:25,0
DA:27,0
DA:28,0
DA:31,0
DA:33,0
DA:34,0
DA:38,0
DA:40,0
DA:41,0
DA:42,0
DA:47,2
DA:49,1
DA:51,1
DA:52,1
DA:53,1
DA:54,2
DA:56,1
DA:57,2
DA:58,2
DA:59,1
DA:62,1
DA:63,0
DA:64,0
DA:65,0
DA:68,1
DA:69,0
DA:71,1
DA:72,0
DA:75,1
DA:76,1
DA:77,1
DA:79,1
DA:80,1
DA:81,1
DA:82,1
DA:87,1
DA:88,2
DA:89,1
DA:93,3
DA:96,1
DA:98,1
DA:102,1
DA:110,0
DA:111,0
DA:112,0
DA:113,0
DA:114,0
DA:115,0
DA:118,0
DA:119,0
DA:120,0
DA:121,0
DA:124,0
DA:125,0
DA:126,0
DA:127,0
DA:129,0
DA:130,0
LF:59
LH:27
end_of_record
SF:lib/common/localization.dart
DA:2,0
DA:4,0
DA:5,0
DA:8,0
DA:12,0
DA:14,0
LF:6
LH:0
end_of_record
SF:lib/provider/setting_provider.dart
DA:14,2
DA:17,0
DA:18,0
DA:19,0
DA:22,0
DA:23,0
DA:24,0
DA:27,0
DA:28,0
DA:29,0
DA:32,0
DA:33,0
DA:36,0
DA:38,0
DA:44,0
DA:45,0
DA:51,0
DA:52,0
DA:55,0
DA:56,0
LF:20
LH:1
end_of_record
SF:lib/ui/home_page.dart
DA:25,1
DA:27,1
DA:28,1
DA:45,0
DA:46,0
DA:47,0
DA:48,0
DA:52,1
DA:53,2
DA:54,2
DA:55,1
DA:57,3
DA:59,1
DA:61,3
DA:63,1
DA:68,0
DA:69,0
DA:70,0
DA:72,0
DA:73,0
DA:74,0
DA:76,0
DA:78,0
DA:79,0
DA:80,0
DA:84,0
DA:85,0
DA:87,0
DA:93,0
DA:94,0
DA:95,0
DA:96,0
DA:98,0
DA:99,0
DA:100,0
DA:101,0
DA:103,0
DA:108,1
DA:110,1
DA:111,2
DA:113,2
DA:114,2
DA:115,0
DA:117,0
DA:123,1
DA:125,1
DA:126,1
DA:129,1
DA:131,1
DA:132,2
DA:133,2
DA:136,1
DA:138,2
DA:141,1
DA:142,1
DA:143,3
DA:148,1
DA:149,1
DA:150,1
DA:151,1
DA:152,2
DA:153,1
DA:155,0
DA:156,3
DA:157,1
DA:158,0
DA:159,0
DA:164,1
DA:165,1
DA:166,1
DA:167,1
DA:170,2
DA:171,1
DA:172,0
DA:173,0
DA:178,1
DA:179,1
DA:180,0
DA:181,0
DA:182,0
DA:183,0
DA:184,0
DA:186,0
DA:187,0
DA:188,0
DA:189,0
DA:190,0
DA:198,0
DA:199,0
DA:200,0
DA:205,0
DA:207,0
DA:209,0
DA:210,0
DA:211,0
DA:213,0
DA:214,0
DA:215,0
DA:216,0
DA:218,0
DA:224,1
DA:228,0
DA:229,0
DA:230,0
DA:231,0
DA:232,0
DA:235,1
DA:236,1
DA:237,1
DA:238,2
DA:241,0
DA:242,0
DA:243,0
DA:244,0
DA:245,0
DA:247,0
DA:256,0
DA:257,0
DA:258,0
DA:259,0
DA:262,0
DA:263,0
DA:264,0
DA:265,0
DA:273,0
DA:274,0
DA:275,0
DA:276,0
DA:277,0
DA:279,0
DA:280,0
DA:281,0
DA:283,0
DA:287,0
DA:289,0
DA:290,0
DA:291,0
DA:292,0
DA:293,0
DA:294,0
DA:295,0
DA:299,0
DA:300,0
DA:311,0
DA:312,0
DA:314,0
DA:316,0
DA:317,0
DA:321,0
DA:322,0
DA:326,0
DA:335,0
LF:152
LH:49
end_of_record
SF:lib/ui/setting_page.dart
DA:11,1
DA:13,0
DA:14,0
DA:21,0
DA:23,0
DA:25,0
DA:26,0
DA:27,0
DA:28,0
DA:29,0
DA:33,0
DA:34,0
DA:36,0
DA:37,0
DA:38,0
DA:45,0
DA:47,0
DA:49,0
DA:50,0
DA:51,0
DA:54,0
DA:56,0
DA:57,0
DA:58,0
DA:60,0
DA:61,0
DA:63,0
DA:64,0
DA:66,0
DA:67,0
DA:68,0
DA:69,0
DA:70,0
DA:74,0
DA:76,0
DA:77,0
DA:78,0
DA:79,0
DA:82,0
DA:83,0
DA:84,0
DA:85,0
DA:86,0
DA:88,0
DA:91,0
DA:92,0
DA:93,0
DA:105,0
DA:106,0
DA:107,0
DA:108,0
DA:109,0
DA:110,0
DA:111,0
DA:112,0
DA:113,0
DA:114,0
DA:117,0
DA:118,0
DA:120,0
DA:121,0
DA:122,0
DA:124,0
DA:127,0
DA:128,0
DA:130,0
DA:134,0
DA:135,0
DA:136,0
DA:137,0
DA:138,0
DA:139,0
DA:142,0
DA:143,0
DA:155,0
DA:156,0
DA:157,0
DA:160,0
DA:161,0
DA:165,0
DA:166,0
LF:81
LH:1
end_of_record
SF:lib/utils/alarm_helper.dart
DA:5,0
DA:6,0
DA:10,0
DA:16,0
DA:25,0
DA:27,0
DA:33,0
DA:37,0
DA:40,0
DA:41,0
DA:44,0
DA:45,0
DA:48,0
DA:56,0
DA:57,0
DA:61,0
DA:62,0
DA:66,0
DA:67,0
DA:68,0
DA:69,0
DA:74,0
DA:75,0
DA:76,0
LF:24
LH:0
end_of_record
SF:lib/utils/date_time_helper.dart
DA:4,0
DA:6,0
DA:7,0
DA:9,0
DA:12,0
DA:13,0
DA:14,0
DA:17,0
DA:18,0
DA:19,0
DA:20,0
DA:22,0
LF:12
LH:0
end_of_record
